{
  "stats": {
    "suites": 1,
    "tests": 1,
    "passes": 1,
    "pending": 0,
    "failures": 0,
    "start": "2024-02-12T08:24:22.546Z",
    "end": "2024-02-12T08:24:46.064Z",
    "duration": 23518,
    "testsRegistered": 1,
    "passPercent": 100,
    "pendingPercent": 0,
    "other": 0,
    "hasOther": false,
    "skipped": 0,
    "hasSkipped": false
  },
  "results": [
    {
      "uuid": "b8ccb418-0c0f-4d55-a2c4-0de28dfc8641",
      "title": "",
      "fullFile": "cypress\\integration\\examples\\WebPage1.js",
      "file": "cypress\\integration\\examples\\WebPage1.js",
      "beforeHooks": [],
      "afterHooks": [],
      "tests": [],
      "suites": [
        {
          "uuid": "eca0bfc5-28db-413d-b116-da67fa3751b4",
          "title": "First attempt of Hellotars webpage",
          "fullFile": "",
          "file": "",
          "beforeHooks": [],
          "afterHooks": [],
          "tests": [
            {
              "title": "Visit the URL",
              "fullTitle": "First attempt of Hellotars webpage Visit the URL",
              "timedOut": null,
              "duration": 18558,
              "state": "passed",
              "speed": "slow",
              "pass": true,
              "fail": false,
              "pending": false,
              "context": null,
              "code": "cy.visit(Cypress.env('url3'));\n// cy.visit('https://hellotars.com/');\ncy.get('a[href=\"https://admin.hellotars.com/login\"]').should('have.attr', 'target', '_blank').invoke('removeAttr', 'target');\ncy.get('#menu-item-2656 > a').click();",
              "err": {},
              "uuid": "113128ca-085b-4276-856a-1ce1892fc2f4",
              "parentUUID": "eca0bfc5-28db-413d-b116-da67fa3751b4",
              "isHook": false,
              "skipped": false
            }
          ],
          "suites": [],
          "passes": [
            "113128ca-085b-4276-856a-1ce1892fc2f4"
          ],
          "failures": [],
          "pending": [],
          "skipped": [],
          "duration": 18558,
          "root": false,
          "rootEmpty": false,
          "_timeout": 2000
        }
      ],
      "passes": [],
      "failures": [],
      "pending": [],
      "skipped": [],
      "duration": 0,
      "root": true,
      "rootEmpty": true,
      "_timeout": 2000
    }
  ],
  "meta": {
    "mocha": {
      "version": "7.0.1"
    },
    "mochawesome": {
      "options": {
        "quiet": false,
        "reportFilename": "mochawesome",
        "saveHtml": true,
        "saveJson": true,
        "consoleReporter": "spec",
        "useInlineDiffs": false,
        "code": true
      },
      "version": "7.1.3"
    },
    "marge": {
      "options": null,
      "version": "6.2.0"
    }
  }
}